
:::::::::::::::::::::::::::::::::::::::::::::::::::::::::::::::::
log: output2.log
:::::::::::::::::::::::::::::::::::::::::::::::::::::::::::::::::

     1	Script  : /afs/cats.ucsc.edu/users/l/amunishk/12b/bin/runprogram.perl
     2	limit c :    0 max core file size (KB)
     3	limit f : 4194303 max output file size (KB)
     4	limit t : 4294967295 max CPU time (sec)
     5	stdin   : /dev/null
     6	stdout  : output2.out
     7	stderr  : output2.err
     8	log     : output2.log
     9	listing : output2.lis
    10	Command : catqueue test1.data test2.data test3.data
    11	starting: pid 19379: 18:41:15.00
    12	finished: pid 19379: 18:41:15.00, real 0.00, user 0.00, sys 0.00
    13	pstatus: 0x0000 EXIT STATUS = 0

:::::::::::::::::::::::::::::::::::::::::::::::::::::::::::::::::
stdin: /dev/null
:::::::::::::::::::::::::::::::::::::::::::::::::::::::::::::::::


:::::::::::::::::::::::::::::::::::::::::::::::::::::::::::::::::
stdout: output2.out
:::::::::::::::::::::::::::::::::::::::::::::::::::::::::::::::::

     1	$Id: test1.data,v 1.1 2013-02-28 18:38:43-08 - - $
     2	Test data 1 line 1.
     3	Test data 1 line 2.
     4	Test data 1 line 3.
     5	$Id: test2.data,v 1.1 2013-02-28 18:38:43-08 - - $
     6	Test data 2 line 1.
     7	Test data 2 line 2.
     8	Test data 2 line 3.
     9	$Id: test3.data,v 1.1 2013-02-28 18:38:43-08 - - $
    10	Test data 3 line 1.
    11	Test data 3 line 2.
    12	Test data 3 line 3.

:::::::::::::::::::::::::::::::::::::::::::::::::::::::::::::::::
stderr: output2.err
:::::::::::::::::::::::::::::::::::::::::::::::::::::::::::::::::

