
:::::::::::::::::::::::::::::::::::::::::::::::::::::::::::::::::
log: output1.log
:::::::::::::::::::::::::::::::::::::::::::::::::::::::::::::::::

     1	Script  : /afs/cats.ucsc.edu/users/l/amunishk/12b/bin/runprogram.perl
     2	limit c :    0 max core file size (KB)
     3	limit f : 4194303 max output file size (KB)
     4	limit t : 4294967295 max CPU time (sec)
     5	stdin   : test1.data
     6	stdout  : output1.out
     7	stderr  : output1.err
     8	log     : output1.log
     9	listing : output1.lis
    10	Command : catqueue
    11	starting: pid 19372: 18:41:15.00
    12	finished: pid 19372: 18:41:15.00, real 0.00, user 0.00, sys 0.00
    13	pstatus: 0x0000 EXIT STATUS = 0

:::::::::::::::::::::::::::::::::::::::::::::::::::::::::::::::::
stdin: test1.data
:::::::::::::::::::::::::::::::::::::::::::::::::::::::::::::::::

     1	$Id: test1.data,v 1.1 2013-02-28 18:38:43-08 - - $
     2	Test data 1 line 1.
     3	Test data 1 line 2.
     4	Test data 1 line 3.

:::::::::::::::::::::::::::::::::::::::::::::::::::::::::::::::::
stdout: output1.out
:::::::::::::::::::::::::::::::::::::::::::::::::::::::::::::::::

     1	$Id: test1.data,v 1.1 2013-02-28 18:38:43-08 - - $
     2	Test data 1 line 1.
     3	Test data 1 line 2.
     4	Test data 1 line 3.

:::::::::::::::::::::::::::::::::::::::::::::::::::::::::::::::::
stderr: output1.err
:::::::::::::::::::::::::::::::::::::::::::::::::::::::::::::::::

